#
# There is insufficient memory for the Java Runtime Environment to continue.
# Native memory allocation (mmap) failed to map 18874368 bytes for G1 virtual space
# Possible reasons:
#   The system is out of physical RAM or swap space
#   The process is running with CompressedOops enabled, and the Java Heap may be blocking the growth of the native heap
# Possible solutions:
#   Reduce memory load on the system
#   Increase physical memory or swap space
#   Check if swap backing store is full
#   Decrease Java heap size (-Xmx/-Xms)
#   Decrease number of Java threads
#   Decrease Java thread stack sizes (-Xss)
#   Set larger code cache with -XX:ReservedCodeCacheSize=
#   JVM is running with Zero Based Compressed Oops mode in which the Java heap is
#     placed in the first 32GB address space. The Java Heap base address is the
#     maximum limit for the native heap growth. Please use -XX:HeapBaseMinAddress
#     to set the Java Heap base and to place the Java Heap above 32GB virtual address.
# This output file may be truncated or incomplete.
#
#  Out of Memory Error (os_windows.cpp:3550), pid=15680, tid=8940
#
# JRE version: Java(TM) SE Runtime Environment (17.0.6+9) (build 17.0.6+9-LTS-190)
# Java VM: Java HotSpot(TM) 64-Bit Server VM (17.0.6+9-LTS-190, mixed mode, emulated-client, sharing, tiered, compressed oops, compressed class ptrs, g1 gc, windows-amd64)
# No core dump will be written. Minidumps are not enabled by default on client versions of Windows
#

---------------  S U M M A R Y ------------

Command Line: -agentlib:jdwp=transport=dt_socket,address=127.0.0.1:59325,suspend=y,server=n -XX:TieredStopAtLevel=1 -Dspring.output.ansi.enabled=always -Dcom.sun.management.jmxremote -Dspring.jmx.enabled=true -Dspring.liveBeansView.mbeanDomain -Dspring.application.admin.enabled=true -javaagent:C:\Users\rmbsw\AppData\Local\JetBrains\IntelliJIdea2022.2\captureAgent\debugger-agent.jar -Dfile.encoding=UTF-8 com.bitproject.techbeats.TechbeatsApplication

Host: AMD Ryzen 5 3500U with Radeon Vega Mobile Gfx  , 8 cores, 9G,  Windows 11 , 64 bit Build 22000 (10.0.22000.1761)
Time: Wed May 17 02:00:45 2023 Sri Lanka Standard Time elapsed time: 23.987938 seconds (0d 0h 0m 23s)

---------------  T H R E A D  ---------------

Current thread (0x0000012b806b6020):  VMThread "VM Thread" [stack: 0x000000075ed00000,0x000000075ee00000] [id=8940]

Stack: [0x000000075ed00000,0x000000075ee00000]
Native frames: (J=compiled Java code, j=interpreted, Vv=VM code, C=native code)
V  [jvm.dll+0x6734ea]
V  [jvm.dll+0x7d18f4]
V  [jvm.dll+0x7d309e]
V  [jvm.dll+0x7d3703]
V  [jvm.dll+0x2433c5]
V  [jvm.dll+0x6703f9]
V  [jvm.dll+0x664d32]
V  [jvm.dll+0x300086]
V  [jvm.dll+0x307606]
V  [jvm.dll+0x356c1e]
V  [jvm.dll+0x356e4f]
V  [jvm.dll+0x2d72e8]
V  [jvm.dll+0x2d57e5]
V  [jvm.dll+0x2d4dec]
V  [jvm.dll+0x31837b]
V  [jvm.dll+0x7d7f0b]
V  [jvm.dll+0x7d8c44]
V  [jvm.dll+0x7d915d]
V  [jvm.dll+0x7d9534]
V  [jvm.dll+0x7d9600]
V  [jvm.dll+0x781a7a]
V  [jvm.dll+0x672375]
C  [ucrtbase.dll+0x26c0c]
C  [KERNEL32.DLL+0x15590]
C  [ntdll.dll+0x485b]

VM_Operation (0x00000007607fa700): G1CollectForAllocation, mode: safepoint, requested by thread 0x0000012b81ae9e50


---------------  P R O C E S S  ---------------

Threads class SMR info:
_java_thread_list=0x0000012b86029690, length=25, elements={
0x0000012bed35cb20, 0x0000012b806be180, 0x0000012b806bf2d0, 0x0000012b806d3ba0,
0x0000012b806d4550, 0x0000012b806d8f20, 0x0000012b806da070, 0x0000012b806dc280,
0x0000012b806e10b0, 0x0000012b811110c0, 0x0000012b811eb870, 0x0000012b811efcc0,
0x0000012b811f01b0, 0x0000012b812716f0, 0x0000012b817a89e0, 0x0000012b81b695d0,
0x0000012b81ae9e50, 0x0000012b837c8c30, 0x0000012b837c9ee0, 0x0000012b837ca3b0,
0x0000012b817ba7f0, 0x0000012b817b9e50, 0x0000012b82cfe1a0, 0x0000012b85fd1480,
0x0000012b860bd8c0
}

Java Threads: ( => current thread )
  0x0000012bed35cb20 JavaThread "main" [_thread_blocked, id=15896, stack(0x000000075e700000,0x000000075e800000)]
  0x0000012b806be180 JavaThread "Reference Handler" daemon [_thread_blocked, id=5372, stack(0x000000075ee00000,0x000000075ef00000)]
  0x0000012b806bf2d0 JavaThread "Finalizer" daemon [_thread_blocked, id=12844, stack(0x000000075ef00000,0x000000075f000000)]
  0x0000012b806d3ba0 JavaThread "Signal Dispatcher" daemon [_thread_blocked, id=6372, stack(0x000000075f000000,0x000000075f100000)]
  0x0000012b806d4550 JavaThread "Attach Listener" daemon [_thread_blocked, id=8332, stack(0x000000075f100000,0x000000075f200000)]
  0x0000012b806d8f20 JavaThread "Service Thread" daemon [_thread_blocked, id=10252, stack(0x000000075f200000,0x000000075f300000)]
  0x0000012b806da070 JavaThread "Monitor Deflation Thread" daemon [_thread_blocked, id=6560, stack(0x000000075f300000,0x000000075f400000)]
  0x0000012b806dc280 JavaThread "C1 CompilerThread0" daemon [_thread_blocked, id=5728, stack(0x000000075f400000,0x000000075f500000)]
  0x0000012b806e10b0 JavaThread "Sweeper thread" daemon [_thread_blocked, id=10956, stack(0x000000075f500000,0x000000075f600000)]
  0x0000012b811110c0 JavaThread "Common-Cleaner" daemon [_thread_blocked, id=10612, stack(0x000000075f600000,0x000000075f700000)]
  0x0000012b811eb870 JavaThread "JDWP Transport Listener: dt_socket" daemon [_thread_blocked, id=2148, stack(0x000000075f900000,0x000000075fa00000)]
  0x0000012b811efcc0 JavaThread "JDWP Event Helper Thread" daemon [_thread_blocked, id=17824, stack(0x000000075fa00000,0x000000075fb00000)]
  0x0000012b811f01b0 JavaThread "JDWP Command Reader" daemon [_thread_in_native, id=17168, stack(0x000000075fb00000,0x000000075fc00000)]
  0x0000012b812716f0 JavaThread "Notification Thread" daemon [_thread_blocked, id=9092, stack(0x000000075fc00000,0x000000075fd00000)]
  0x0000012b817a89e0 JavaThread "RMI TCP Accept-0" daemon [_thread_in_native, id=12544, stack(0x000000075fd00000,0x000000075fe00000)]
  0x0000012b81b695d0 JavaThread "Thread-0" [_thread_blocked, id=10392, stack(0x0000000760600000,0x0000000760700000)]
  0x0000012b81ae9e50 JavaThread "restartedMain" [_thread_blocked, id=19440, stack(0x0000000760700000,0x0000000760800000)]
  0x0000012b837c8c30 JavaThread "Catalina-utility-1" [_thread_blocked, id=9900, stack(0x0000000760a00000,0x0000000760b00000)]
  0x0000012b837c9ee0 JavaThread "Catalina-utility-2" [_thread_blocked, id=10372, stack(0x0000000760b00000,0x0000000760c00000)]
  0x0000012b837ca3b0 JavaThread "container-0" [_thread_blocked, id=16844, stack(0x0000000700000000,0x0000000700100000)]
  0x0000012b817ba7f0 JavaThread "mysql-cj-abandoned-connection-cleanup" daemon [_thread_blocked, id=15212, stack(0x0000000700100000,0x0000000700200000)]
  0x0000012b817b9e50 JavaThread "HikariPool-1 housekeeper" daemon [_thread_blocked, id=18740, stack(0x0000000700300000,0x0000000700400000)]
  0x0000012b82cfe1a0 JavaThread "C1 CompilerThread1" daemon [_thread_blocked, id=18780, stack(0x0000000700400000,0x0000000700500000)]
  0x0000012b85fd1480 JavaThread "C1 CompilerThread2" daemon [_thread_blocked, id=19360, stack(0x0000000700500000,0x0000000700600000)]
  0x0000012b860bd8c0 JavaThread "C1 CompilerThread3" daemon [_thread_blocked, id=18592, stack(0x0000000700600000,0x0000000700700000)]

Other Threads:
=>0x0000012b806b6020 VMThread "VM Thread" [stack: 0x000000075ed00000,0x000000075ee00000] [id=8940]
  0x0000012bed3bfd80 WatcherThread [stack: 0x000000075fe00000,0x000000075ff00000] [id=7424]
  0x0000012bed3ac950 GCTaskThread "GC Thread#0" [stack: 0x000000075e800000,0x000000075e900000] [id=17868]
  0x0000012b81a3f0c0 GCTaskThread "GC Thread#1" [stack: 0x000000075ff00000,0x0000000760000000] [id=19408]
  0x0000012b81a3e970 GCTaskThread "GC Thread#2" [stack: 0x0000000760000000,0x0000000760100000] [id=19336]
  0x0000012b81adfb90 GCTaskThread "GC Thread#3" [stack: 0x0000000760100000,0x0000000760200000] [id=3628]
  0x0000012b81a9f0a0 GCTaskThread "GC Thread#4" [stack: 0x0000000760200000,0x0000000760300000] [id=19188]
  0x0000012b81a9f350 GCTaskThread "GC Thread#5" [stack: 0x0000000760300000,0x0000000760400000] [id=19108]
  0x0000012b81adfe40 GCTaskThread "GC Thread#6" [stack: 0x0000000760400000,0x0000000760500000] [id=19120]
  0x0000012b81ae2100 GCTaskThread "GC Thread#7" [stack: 0x0000000760500000,0x0000000760600000] [id=10384]
  0x0000012bed3b7830 ConcurrentGCThread "G1 Main Marker" [stack: 0x000000075e900000,0x000000075ea00000] [id=19232]
  0x0000012bed3b98f0 ConcurrentGCThread "G1 Conc#0" [stack: 0x000000075ea00000,0x000000075eb00000] [id=19424]
  0x0000012b830c9b90 ConcurrentGCThread "G1 Conc#1" [stack: 0x0000000760800000,0x0000000760900000] [id=19412]
  0x0000012b805914b0 ConcurrentGCThread "G1 Refine#0" [stack: 0x000000075eb00000,0x000000075ec00000] [id=6888]
  0x0000012b80591ce0 ConcurrentGCThread "G1 Service" [stack: 0x000000075ec00000,0x000000075ed00000] [id=18152]

Threads with active compile tasks:

VM state: at safepoint (normal execution)

VM Mutex/Monitor currently owned by a thread:  ([mutex/lock_event])
[0x0000012bed3582e0] Threads_lock - owner thread: 0x0000012b806b6020
[0x0000012bed3597b0] Heap_lock - owner thread: 0x0000012b81ae9e50

Heap address: 0x0000000760c00000, size: 2548 MB, Compressed Oops mode: Zero based, Oop shift amount: 3

CDS archive(s) mapped at: [0x0000000800000000-0x0000000800bd0000-0x0000000800bd0000), size 12386304, SharedBaseAddress: 0x0000000800000000, ArchiveRelocationMode: 0.
Compressed class space mapped at: 0x0000000800c00000-0x0000000840c00000, reserved size: 1073741824
Narrow klass base: 0x0000000800000000, Narrow klass shift: 0, Narrow klass range: 0x100000000

GC Precious Log:
 CPUs: 8 total, 8 available
 Memory: 10187M
 Large Page Support: Disabled
 NUMA Support: Disabled
 Compressed Oops: Enabled (Zero based)
 Heap Region Size: 2M
 Heap Min Capacity: 8M
 Heap Initial Capacity: 160M
 Heap Max Capacity: 2548M
 Pre-touch: Disabled
 Parallel Workers: 8
 Concurrent Workers: 2
 Concurrent Refinement Workers: 8
 Periodic GC: Disabled

Heap:
 garbage-first heap   total 83968K, used 38011K [0x0000000760c00000, 0x0000000800000000)
  region size 2048K, 2 young (4096K), 2 survivors (4096K)
 Metaspace       used 62534K, committed 63040K, reserved 1105920K
  class space    used 8873K, committed 9152K, reserved 1048576K

Heap Regions: E=young(eden), S=young(survivor), O=old, HS=humongous(starts), HC=humongous(continues), CS=collection set, F=free, OA=open archive, CA=closed archive, TAMS=top-at-mark-start (previous, next)
|   0|0x0000000760c00000, 0x0000000760e00000, 0x0000000760e00000|100%| O|  |TAMS 0x0000000760e00000, 0x0000000760c00000| Untracked 
|   1|0x0000000760e00000, 0x0000000761000000, 0x0000000761000000|100%| O|  |TAMS 0x0000000761000000, 0x0000000760e00000| Untracked 
|   2|0x0000000761000000, 0x0000000761200000, 0x0000000761200000|100%| O|  |TAMS 0x0000000761200000, 0x0000000761000000| Untracked 
|   3|0x0000000761200000, 0x0000000761400000, 0x0000000761400000|100%| O|  |TAMS 0x0000000761400000, 0x0000000761200000| Untracked 
|   4|0x0000000761400000, 0x0000000761600000, 0x0000000761600000|100%| O|  |TAMS 0x0000000761600000, 0x0000000761400000| Untracked 
|   5|0x0000000761600000, 0x0000000761800000, 0x0000000761800000|100%| O|  |TAMS 0x0000000761800000, 0x0000000761600000| Untracked 
|   6|0x0000000761800000, 0x0000000761a00000, 0x0000000761a00000|100%| O|  |TAMS 0x0000000761a00000, 0x0000000761800000| Untracked 
|   7|0x0000000761a00000, 0x0000000761c00000, 0x0000000761c00000|100%| O|  |TAMS 0x0000000761c00000, 0x0000000761a00000| Untracked 
|   8|0x0000000761c00000, 0x0000000761e00000, 0x0000000761e00000|100%| O|  |TAMS 0x0000000761e00000, 0x0000000761c00000| Untracked 
|   9|0x0000000761e00000, 0x0000000762000000, 0x0000000762000000|100%| O|  |TAMS 0x0000000762000000, 0x0000000761e00000| Untracked 
|  10|0x0000000762000000, 0x0000000762200000, 0x0000000762200000|100%| O|  |TAMS 0x0000000762200000, 0x0000000762000000| Untracked 
|  11|0x0000000762200000, 0x0000000762400000, 0x0000000762400000|100%| O|  |TAMS 0x0000000762400000, 0x0000000762200000| Untracked 
|  12|0x0000000762400000, 0x0000000762600000, 0x0000000762600000|100%| O|  |TAMS 0x0000000762600000, 0x0000000762400000| Untracked 
|  13|0x0000000762600000, 0x0000000762800000, 0x0000000762800000|100%| O|  |TAMS 0x0000000762800000, 0x0000000762600000| Untracked 
|  14|0x0000000762800000, 0x0000000762a00000, 0x0000000762a00000|100%| O|  |TAMS 0x0000000762a00000, 0x0000000762800000| Untracked 
|  15|0x0000000762a00000, 0x0000000762c00000, 0x0000000762c00000|100%| O|  |TAMS 0x0000000762a1fa00, 0x0000000762a00000| Untracked 
|  16|0x0000000762c00000, 0x0000000762dd8600, 0x0000000762e00000| 92%| O|  |TAMS 0x0000000762c00000, 0x0000000762c00000| Untracked 
|  17|0x0000000762e00000, 0x0000000762e00000, 0x0000000763000000|  0%| F|  |TAMS 0x0000000762e00000, 0x0000000762e00000| Untracked 
|  18|0x0000000763000000, 0x0000000763000000, 0x0000000763200000|  0%| F|  |TAMS 0x0000000763000000, 0x0000000763000000| Untracked 
|  19|0x0000000763200000, 0x0000000763200000, 0x0000000763400000|  0%| F|  |TAMS 0x0000000763200000, 0x0000000763200000| Untracked 
|  20|0x0000000763400000, 0x0000000763400000, 0x0000000763600000|  0%| F|  |TAMS 0x0000000763400000, 0x0000000763400000| Untracked 
|  21|0x0000000763600000, 0x0000000763600000, 0x0000000763800000|  0%| F|  |TAMS 0x0000000763600000, 0x0000000763600000| Untracked 
|  22|0x0000000763800000, 0x0000000763800000, 0x0000000763a00000|  0%| F|  |TAMS 0x0000000763800000, 0x0000000763800000| Untracked 
|  23|0x0000000763a00000, 0x0000000763b466d0, 0x0000000763c00000| 63%| S|CS|TAMS 0x0000000763a00000, 0x0000000763a00000| Complete 
|  24|0x0000000763c00000, 0x0000000763e00000, 0x0000000763e00000|100%| S|CS|TAMS 0x0000000763c00000, 0x0000000763c00000| Complete 
|  25|0x0000000763e00000, 0x0000000763e00000, 0x0000000764000000|  0%| F|  |TAMS 0x0000000763e00000, 0x0000000763e00000| Untracked 
|  26|0x0000000764000000, 0x0000000764000000, 0x0000000764200000|  0%| F|  |TAMS 0x0000000764000000, 0x0000000764000000| Untracked 
|  27|0x0000000764200000, 0x0000000764200000, 0x0000000764400000|  0%| F|  |TAMS 0x0000000764200000, 0x0000000764200000| Untracked 
|  28|0x0000000764400000, 0x0000000764400000, 0x0000000764600000|  0%| F|  |TAMS 0x0000000764400000, 0x0000000764400000| Untracked 
|  29|0x0000000764600000, 0x0000000764600000, 0x0000000764800000|  0%| F|  |TAMS 0x0000000764600000, 0x0000000764600000| Untracked 
|  30|0x0000000764800000, 0x0000000764800000, 0x0000000764a00000|  0%| F|  |TAMS 0x0000000764800000, 0x0000000764800000| Untracked 
|  31|0x0000000764a00000, 0x0000000764a00000, 0x0000000764c00000|  0%| F|  |TAMS 0x0000000764a00000, 0x0000000764a00000| Untracked 
|  32|0x0000000764c00000, 0x0000000764c00000, 0x0000000764e00000|  0%| F|  |TAMS 0x0000000764c00000, 0x0000000764c00000| Untracked 
|  33|0x0000000764e00000, 0x0000000764e00000, 0x0000000765000000|  0%| F|  |TAMS 0x0000000764e00000, 0x0000000764e00000| Untracked 
|  34|0x0000000765000000, 0x0000000765000000, 0x0000000765200000|  0%| F|  |TAMS 0x0000000765000000, 0x0000000765000000| Untracked 
|  35|0x0000000765200000, 0x0000000765200000, 0x0000000765400000|  0%| F|  |TAMS 0x0000000765200000, 0x0000000765200000| Untracked 
|  60|0x0000000768400000, 0x0000000768400000, 0x0000000768600000|  0%| F|  |TAMS 0x0000000768400000, 0x0000000768400000| Untracked 
|  61|0x0000000768600000, 0x0000000768600000, 0x0000000768800000|  0%| F|  |TAMS 0x0000000768600000, 0x0000000768600000| Untracked 
|  62|0x0000000768800000, 0x0000000768800000, 0x0000000768a00000|  0%| F|  |TAMS 0x0000000768800000, 0x0000000768800000| Untracked 
|  63|0x0000000768a00000, 0x0000000768a00000, 0x0000000768c00000|  0%| F|  |TAMS 0x0000000768a00000, 0x0000000768a00000| Untracked 
|  79|0x000000076aa00000, 0x000000076aa00000, 0x000000076ac00000|  0%| F|  |TAMS 0x000000076aa00000, 0x000000076aa00000| Untracked 

Card table byte_map: [0x0000012bf81e0000,0x0000012bf86e0000] _byte_map_base: 0x0000012bf46da000

Marking Bits (Prev, Next): (CMBitMap*) 0x0000012bed3ace60, (CMBitMap*) 0x0000012bed3acea0
 Prev Bits: [0x0000012bf8be0000, 0x0000012bfb3b0000)
 Next Bits: [0x0000012bfb3b0000, 0x0000012bfdb80000)

Polling page: 0x0000012becb20000

Metaspace:

Usage:
  Non-class:     52.40 MB used.
      Class:      8.67 MB used.
       Both:     61.07 MB used.

Virtual space:
  Non-class space:       56.00 MB reserved,      52.62 MB ( 94%) committed,  7 nodes.
      Class space:        1.00 GB reserved,       8.94 MB ( <1%) committed,  1 nodes.
             Both:        1.05 GB reserved,      61.56 MB (  6%) committed. 

Chunk freelists:
   Non-Class:  2.69 MB
       Class:  2.91 MB
        Both:  5.60 MB

MaxMetaspaceSize: unlimited
CompressedClassSpaceSize: 1.00 GB
Initial GC threshold: 21.00 MB
Current GC threshold: 101.19 MB
CDS: on
MetaspaceReclaimPolicy: balanced
 - commit_granule_bytes: 65536.
 - commit_granule_words: 8192.
 - virtual_space_node_default_size: 1048576.
 - enlarge_chunks_in_place: 1.
 - new_chunks_are_fully_committed: 0.
 - uncommit_free_chunks: 1.
 - use_allocation_guard: 0.
 - handle_deallocations: 1.


Internal statistics:

num_allocs_failed_limit: 6.
num_arena_births: 736.
num_arena_deaths: 0.
num_vsnodes_births: 8.
num_vsnodes_deaths: 0.
num_space_committed: 985.
num_space_uncommitted: 0.
num_chunks_returned_to_freelist: 6.
num_chunks_taken_from_freelist: 2965.
num_chunk_merges: 6.
num_chunk_splits: 2124.
num_chunks_enlarged: 1635.
num_purges: 0.
num_inconsistent_stats: 0.

CodeCache: size=49152Kb used=16204Kb max_used=16204Kb free=32947Kb
 bounds [0x0000012bf4bd0000, 0x0000012bf5bb0000, 0x0000012bf7bd0000]
 total_blobs=8677 nmethods=8007 adapters=593
 compilation: enabled
              stopped_count=0, restarted_count=0
 full_count=0

Compilation events (20 events):
Event: 23.918 Thread 0x0000012b806dc280 nmethod 7998 0x0000012bf5b9f210 code [0x0000012bf5b9f3a0, 0x0000012bf5b9f478]
Event: 23.918 Thread 0x0000012b806dc280 7999       1       org.springframework.data.repository.core.support.RepositoryFactorySupport::addRepositoryProxyPostProcessor (18 bytes)
Event: 23.919 Thread 0x0000012b806dc280 nmethod 7999 0x0000012bf5b9f510 code [0x0000012bf5b9f6c0, 0x0000012bf5b9f878]
Event: 23.919 Thread 0x0000012b82cfe1a0 nmethod 7996 0x0000012bf5b9f990 code [0x0000012bf5b9fbe0, 0x0000012bf5ba0468]
Event: 23.921 Thread 0x0000012b82cfe1a0 8000       1       org.springframework.aop.framework.AdvisedSupport::addInterface (59 bytes)
Event: 23.921 Thread 0x0000012b82cfe1a0 nmethod 8000 0x0000012bf5ba0a90 code [0x0000012bf5ba0ca0, 0x0000012bf5ba0ff8]
Event: 23.922 Thread 0x0000012b82cfe1a0 8001       1       org.springframework.data.repository.core.support.RepositoryFactorySupport$$Lambda$1200/0x000000080142b7a8::accept (28 bytes)
Event: 23.922 Thread 0x0000012b860bd8c0 8002       1       org.springframework.data.repository.core.support.RepositoryFactorySupport::lambda$getRepository$3 (48 bytes)
Event: 23.922 Thread 0x0000012b82cfe1a0 nmethod 8001 0x0000012bf5ba1210 code [0x0000012bf5ba13a0, 0x0000012bf5ba1528]
Event: 23.922 Thread 0x0000012b860bd8c0 nmethod 8002 0x0000012bf5ba1610 code [0x0000012bf5ba17c0, 0x0000012bf5ba19e8]
Event: 23.967 Thread 0x0000012b82cfe1a0 8003       1       org.hibernate.metamodel.model.domain.internal.MappingMetamodelImpl::managedType (6 bytes)
Event: 23.967 Thread 0x0000012b806dc280 8004       1       org.hibernate.metamodel.model.domain.internal.MappingMetamodelImpl::managedType (11 bytes)
Event: 23.967 Thread 0x0000012b85fd1480 8005       1       org.hibernate.metamodel.model.domain.internal.JpaMetamodelImpl::managedType (37 bytes)
Event: 23.968 Thread 0x0000012b806dc280 nmethod 8004 0x0000012bf5ba1c90 code [0x0000012bf5ba1e20, 0x0000012bf5ba1f48]
Event: 23.968 Thread 0x0000012b82cfe1a0 nmethod 8003 0x0000012bf5ba2090 code [0x0000012bf5ba2220, 0x0000012bf5ba2348]
Event: 23.968 Thread 0x0000012b85fd1480 nmethod 8005 0x0000012bf5ba2490 code [0x0000012bf5ba2660, 0x0000012bf5ba2908]
Event: 23.969 Thread 0x0000012b806dc280 8006       1       com.sun.beans.TypeResolver::resolve (37 bytes)
Event: 23.969 Thread 0x0000012b806dc280 nmethod 8006 0x0000012bf5ba2a90 code [0x0000012bf5ba2c40, 0x0000012bf5ba2f08]
Event: 23.973 Thread 0x0000012b806dc280 8007       1       java.lang.reflect.Constructor::isSynthetic (5 bytes)
Event: 23.974 Thread 0x0000012b806dc280 nmethod 8007 0x0000012bf5ba3090 code [0x0000012bf5ba3220, 0x0000012bf5ba3318]

GC Heap History (20 events):
Event: 21.024 GC heap after
{Heap after GC invocations=22 (full 0):
 garbage-first heap   total 61440K, used 31668K [0x0000000760c00000, 0x0000000800000000)
  region size 2048K, 2 young (4096K), 2 survivors (4096K)
 Metaspace       used 59633K, committed 60160K, reserved 1105920K
  class space    used 8434K, committed 8704K, reserved 1048576K
}
Event: 21.365 GC heap before
{Heap before GC invocations=23 (full 0):
 garbage-first heap   total 69632K, used 43956K [0x0000000760c00000, 0x0000000800000000)
  region size 2048K, 9 young (18432K), 2 survivors (4096K)
 Metaspace       used 60434K, committed 60928K, reserved 1105920K
  class space    used 8579K, committed 8832K, reserved 1048576K
}
Event: 21.369 GC heap after
{Heap after GC invocations=24 (full 0):
 garbage-first heap   total 69632K, used 31447K [0x0000000760c00000, 0x0000000800000000)
  region size 2048K, 1 young (2048K), 1 survivors (2048K)
 Metaspace       used 60434K, committed 60928K, reserved 1105920K
  class space    used 8579K, committed 8832K, reserved 1048576K
}
Event: 21.617 GC heap before
{Heap before GC invocations=24 (full 0):
 garbage-first heap   total 69632K, used 53975K [0x0000000760c00000, 0x0000000800000000)
  region size 2048K, 12 young (24576K), 1 survivors (2048K)
 Metaspace       used 60579K, committed 61056K, reserved 1105920K
  class space    used 8595K, committed 8832K, reserved 1048576K
}
Event: 21.620 GC heap after
{Heap after GC invocations=25 (full 0):
 garbage-first heap   total 69632K, used 32040K [0x0000000760c00000, 0x0000000800000000)
  region size 2048K, 2 young (4096K), 2 survivors (4096K)
 Metaspace       used 60579K, committed 61056K, reserved 1105920K
  class space    used 8595K, committed 8832K, reserved 1048576K
}
Event: 21.917 GC heap before
{Heap before GC invocations=25 (full 0):
 garbage-first heap   total 69632K, used 54568K [0x0000000760c00000, 0x0000000800000000)
  region size 2048K, 13 young (26624K), 2 survivors (4096K)
 Metaspace       used 60881K, committed 61376K, reserved 1105920K
  class space    used 8639K, committed 8896K, reserved 1048576K
}
Event: 21.921 GC heap after
{Heap after GC invocations=26 (full 0):
 garbage-first heap   total 69632K, used 32947K [0x0000000760c00000, 0x0000000800000000)
  region size 2048K, 2 young (4096K), 2 survivors (4096K)
 Metaspace       used 60881K, committed 61376K, reserved 1105920K
  class space    used 8639K, committed 8896K, reserved 1048576K
}
Event: 22.180 GC heap before
{Heap before GC invocations=26 (full 0):
 garbage-first heap   total 69632K, used 55475K [0x0000000760c00000, 0x0000000800000000)
  region size 2048K, 13 young (26624K), 2 survivors (4096K)
 Metaspace       used 61196K, committed 61696K, reserved 1105920K
  class space    used 8677K, committed 8960K, reserved 1048576K
}
Event: 22.185 GC heap after
{Heap after GC invocations=27 (full 0):
 garbage-first heap   total 69632K, used 33485K [0x0000000760c00000, 0x0000000800000000)
  region size 2048K, 2 young (4096K), 2 survivors (4096K)
 Metaspace       used 61196K, committed 61696K, reserved 1105920K
  class space    used 8677K, committed 8960K, reserved 1048576K
}
Event: 22.364 GC heap before
{Heap before GC invocations=27 (full 0):
 garbage-first heap   total 69632K, used 53965K [0x0000000760c00000, 0x0000000800000000)
  region size 2048K, 12 young (24576K), 2 survivors (4096K)
 Metaspace       used 61319K, committed 61824K, reserved 1105920K
  class space    used 8685K, committed 8960K, reserved 1048576K
}
Event: 22.368 GC heap after
{Heap after GC invocations=28 (full 0):
 garbage-first heap   total 83968K, used 33966K [0x0000000760c00000, 0x0000000800000000)
  region size 2048K, 2 young (4096K), 2 survivors (4096K)
 Metaspace       used 61319K, committed 61824K, reserved 1105920K
  class space    used 8685K, committed 8960K, reserved 1048576K
}
Event: 22.736 GC heap before
{Heap before GC invocations=29 (full 0):
 garbage-first heap   total 83968K, used 64686K [0x0000000760c00000, 0x0000000800000000)
  region size 2048K, 17 young (34816K), 2 survivors (4096K)
 Metaspace       used 61746K, committed 62272K, reserved 1105920K
  class space    used 8822K, committed 9088K, reserved 1048576K
}
Event: 22.741 GC heap after
{Heap after GC invocations=30 (full 0):
 garbage-first heap   total 83968K, used 34800K [0x0000000760c00000, 0x0000000800000000)
  region size 2048K, 2 young (4096K), 2 survivors (4096K)
 Metaspace       used 61746K, committed 62272K, reserved 1105920K
  class space    used 8822K, committed 9088K, reserved 1048576K
}
Event: 23.043 GC heap before
{Heap before GC invocations=30 (full 0):
 garbage-first heap   total 83968K, used 67568K [0x0000000760c00000, 0x0000000800000000)
  region size 2048K, 18 young (36864K), 2 survivors (4096K)
 Metaspace       used 61943K, committed 62464K, reserved 1105920K
  class space    used 8834K, committed 9088K, reserved 1048576K
}
Event: 23.048 GC heap after
{Heap after GC invocations=31 (full 0):
 garbage-first heap   total 83968K, used 35480K [0x0000000760c00000, 0x0000000800000000)
  region size 2048K, 2 young (4096K), 2 survivors (4096K)
 Metaspace       used 61943K, committed 62464K, reserved 1105920K
  class space    used 8834K, committed 9088K, reserved 1048576K
}
Event: 23.358 GC heap before
{Heap before GC invocations=31 (full 0):
 garbage-first heap   total 83968K, used 68248K [0x0000000760c00000, 0x0000000800000000)
  region size 2048K, 18 young (36864K), 2 survivors (4096K)
 Metaspace       used 62114K, committed 62592K, reserved 1105920K
  class space    used 8845K, committed 9088K, reserved 1048576K
}
Event: 23.363 GC heap after
{Heap after GC invocations=32 (full 0):
 garbage-first heap   total 83968K, used 36389K [0x0000000760c00000, 0x0000000800000000)
  region size 2048K, 2 young (4096K), 2 survivors (4096K)
 Metaspace       used 62114K, committed 62592K, reserved 1105920K
  class space    used 8845K, committed 9088K, reserved 1048576K
}
Event: 23.667 GC heap before
{Heap before GC invocations=32 (full 0):
 garbage-first heap   total 83968K, used 67109K [0x0000000760c00000, 0x0000000800000000)
  region size 2048K, 17 young (34816K), 2 survivors (4096K)
 Metaspace       used 62335K, committed 62848K, reserved 1105920K
  class space    used 8860K, committed 9152K, reserved 1048576K
}
Event: 23.672 GC heap after
{Heap after GC invocations=33 (full 0):
 garbage-first heap   total 83968K, used 37327K [0x0000000760c00000, 0x0000000800000000)
  region size 2048K, 2 young (4096K), 2 survivors (4096K)
 Metaspace       used 62335K, committed 62848K, reserved 1105920K
  class space    used 8860K, committed 9152K, reserved 1048576K
}
Event: 23.975 GC heap before
{Heap before GC invocations=33 (full 0):
 garbage-first heap   total 83968K, used 68047K [0x0000000760c00000, 0x0000000800000000)
  region size 2048K, 17 young (34816K), 2 survivors (4096K)
 Metaspace       used 62534K, committed 63040K, reserved 1105920K
  class space    used 8873K, committed 9152K, reserved 1048576K
}

Deoptimization events (20 events):
Event: 23.964 Thread 0x0000012b81ae9e50 DEOPT PACKING pc=0x0000012bf5885fdc sp=0x00000007607fc190
Event: 23.965 Thread 0x0000012b81ae9e50 DEOPT UNPACKING pc=0x0000012bf4c22b43 sp=0x00000007607fb6e8 mode 1
Event: 23.965 Thread 0x0000012b81ae9e50 DEOPT PACKING pc=0x0000012bf51a055c sp=0x00000007607fc2a0
Event: 23.965 Thread 0x0000012b81ae9e50 DEOPT UNPACKING pc=0x0000012bf4c22b43 sp=0x00000007607fb760 mode 1
Event: 23.969 Thread 0x0000012b81ae9e50 DEOPT PACKING pc=0x0000012bf5885fdc sp=0x00000007607fbce0
Event: 23.969 Thread 0x0000012b81ae9e50 DEOPT UNPACKING pc=0x0000012bf4c22b43 sp=0x00000007607fb238 mode 1
Event: 23.969 Thread 0x0000012b81ae9e50 DEOPT PACKING pc=0x0000012bf51a055c sp=0x00000007607fbdf0
Event: 23.969 Thread 0x0000012b81ae9e50 DEOPT UNPACKING pc=0x0000012bf4c22b43 sp=0x00000007607fb2b0 mode 1
Event: 23.969 Thread 0x0000012b81ae9e50 DEOPT PACKING pc=0x0000012bf5885fdc sp=0x00000007607fbce0
Event: 23.969 Thread 0x0000012b81ae9e50 DEOPT UNPACKING pc=0x0000012bf4c22b43 sp=0x00000007607fb238 mode 1
Event: 23.969 Thread 0x0000012b81ae9e50 DEOPT PACKING pc=0x0000012bf51a055c sp=0x00000007607fbdf0
Event: 23.969 Thread 0x0000012b81ae9e50 DEOPT UNPACKING pc=0x0000012bf4c22b43 sp=0x00000007607fb2b0 mode 1
Event: 23.974 Thread 0x0000012b81ae9e50 DEOPT PACKING pc=0x0000012bf5885fdc sp=0x00000007607fbce0
Event: 23.974 Thread 0x0000012b81ae9e50 DEOPT UNPACKING pc=0x0000012bf4c22b43 sp=0x00000007607fb238 mode 1
Event: 23.974 Thread 0x0000012b81ae9e50 DEOPT PACKING pc=0x0000012bf51a055c sp=0x00000007607fbdf0
Event: 23.974 Thread 0x0000012b81ae9e50 DEOPT UNPACKING pc=0x0000012bf4c22b43 sp=0x00000007607fb2b0 mode 1
Event: 23.974 Thread 0x0000012b81ae9e50 DEOPT PACKING pc=0x0000012bf5885fdc sp=0x00000007607fbce0
Event: 23.974 Thread 0x0000012b81ae9e50 DEOPT UNPACKING pc=0x0000012bf4c22b43 sp=0x00000007607fb238 mode 1
Event: 23.974 Thread 0x0000012b81ae9e50 DEOPT PACKING pc=0x0000012bf51a055c sp=0x00000007607fbdf0
Event: 23.974 Thread 0x0000012b81ae9e50 DEOPT UNPACKING pc=0x0000012bf4c22b43 sp=0x00000007607fb2b0 mode 1

Classes unloaded (0 events):
No events

Classes redefined (0 events):
No events

Internal exceptions (20 events):
Event: 21.266 Thread 0x0000012b81ae9e50 Exception <a 'java/lang/NoSuchMethodError'{0x0000000768781fa0}: 'int java.lang.invoke.DirectMethodHandle$Holder.invokeStatic(java.lang.Object, int, java.lang.Object)'> (0x0000000768781fa0) 
thrown [s\open\src\hotspot\share\interpreter\linkResolver.cpp, line 759]
Event: 21.271 Thread 0x0000012b81ae9e50 Exception <a 'java/lang/reflect/InvocationTargetException'{0x000000076879bd30}> (0x000000076879bd30) 
thrown [s\open\src\hotspot\share\runtime\reflection.cpp, line 1121]
Event: 21.310 Thread 0x0000012b81ae9e50 Exception <a 'java/lang/reflect/InvocationTargetException'{0x0000000764419e30}> (0x0000000764419e30) 
thrown [s\open\src\hotspot\share\runtime\reflection.cpp, line 1121]
Event: 21.335 Thread 0x0000012b81ae9e50 Exception <a 'java/lang/reflect/InvocationTargetException'{0x000000076451d618}> (0x000000076451d618) 
thrown [s\open\src\hotspot\share\runtime\reflection.cpp, line 1121]
Event: 21.432 Thread 0x0000012b81ae9e50 Exception <a 'java/lang/reflect/InvocationTargetException'{0x00000007689e3ab8}> (0x00000007689e3ab8) 
thrown [s\open\src\hotspot\share\runtime\reflection.cpp, line 1121]
Event: 21.441 Thread 0x0000012b81ae9e50 Exception <a 'java/lang/reflect/InvocationTargetException'{0x0000000768665e98}> (0x0000000768665e98) 
thrown [s\open\src\hotspot\share\runtime\reflection.cpp, line 1121]
Event: 21.445 Thread 0x0000012b81ae9e50 Exception <a 'java/lang/reflect/InvocationTargetException'{0x0000000768674238}> (0x0000000768674238) 
thrown [s\open\src\hotspot\share\runtime\reflection.cpp, line 1121]
Event: 21.602 Thread 0x0000012b81ae9e50 Exception <a 'java/lang/reflect/InvocationTargetException'{0x00000007639c34a8}> (0x00000007639c34a8) 
thrown [s\open\src\hotspot\share\runtime\reflection.cpp, line 1121]
Event: 21.608 Thread 0x0000012b81ae9e50 Exception <a 'java/lang/reflect/InvocationTargetException'{0x00000007639d5470}> (0x00000007639d5470) 
thrown [s\open\src\hotspot\share\runtime\reflection.cpp, line 1121]
Event: 21.613 Thread 0x0000012b81ae9e50 Exception <a 'java/lang/reflect/InvocationTargetException'{0x00000007639e48c0}> (0x00000007639e48c0) 
thrown [s\open\src\hotspot\share\runtime\reflection.cpp, line 1121]
Event: 21.615 Thread 0x0000012b81ae9e50 Exception <a 'java/lang/reflect/InvocationTargetException'{0x00000007639f0ee0}> (0x00000007639f0ee0) 
thrown [s\open\src\hotspot\share\runtime\reflection.cpp, line 1121]
Event: 21.641 Thread 0x0000012b81ae9e50 Exception <a 'java/lang/NoSuchMethodError'{0x000000076aa5a7f0}: 'int java.lang.invoke.DirectMethodHandle$Holder.invokeStatic(java.lang.Object, java.lang.Object, int)'> (0x000000076aa5a7f0) 
thrown [s\open\src\hotspot\share\interpreter\linkResolver.cpp, line 759]
Event: 21.646 Thread 0x0000012b81ae9e50 Exception <a 'java/lang/NoSuchMethodError'{0x000000076aa7b748}: 'java.lang.Object java.lang.invoke.DirectMethodHandle$Holder.newInvokeSpecial(java.lang.Object, java.lang.Object, int)'> (0x000000076aa7b748) 
thrown [s\open\src\hotspot\share\interpreter\linkResolver.cpp, line 759]
Event: 21.651 Thread 0x0000012b81ae9e50 Exception <a 'java/lang/IncompatibleClassChangeError'{0x000000076aaa1708}: Found class java.lang.Object, but interface was expected> (0x000000076aaa1708) 
thrown [s\open\src\hotspot\share\interpreter\linkResolver.cpp, line 826]
Event: 21.652 Thread 0x0000012b81ae9e50 Exception <a 'java/lang/IncompatibleClassChangeError'{0x000000076aaa7fb8}: Found class java.lang.Object, but interface was expected> (0x000000076aaa7fb8) 
thrown [s\open\src\hotspot\share\interpreter\linkResolver.cpp, line 826]
Event: 21.729 Thread 0x0000012b81ae9e50 Exception <a 'java/lang/reflect/InvocationTargetException'{0x0000000768651810}> (0x0000000768651810) 
thrown [s\open\src\hotspot\share\runtime\reflection.cpp, line 1121]
Event: 21.734 Thread 0x0000012b81ae9e50 Exception <a 'java/lang/reflect/InvocationTargetException'{0x0000000768661400}> (0x0000000768661400) 
thrown [s\open\src\hotspot\share\runtime\reflection.cpp, line 1121]
Event: 21.823 Thread 0x0000012b81ae9e50 Exception <a 'java/lang/reflect/InvocationTargetException'{0x000000076413daa8}> (0x000000076413daa8) 
thrown [s\open\src\hotspot\share\runtime\reflection.cpp, line 1121]
Event: 21.949 Thread 0x0000012b81ae9e50 Exception <a 'java/lang/reflect/InvocationTargetException'{0x0000000768bd18d8}> (0x0000000768bd18d8) 
thrown [s\open\src\hotspot\share\runtime\reflection.cpp, line 1121]
Event: 22.133 Thread 0x0000012b81ae9e50 Exception <a 'java/lang/reflect/InvocationTargetException'{0x0000000763fcf780}> (0x0000000763fcf780) 
thrown [s\open\src\hotspot\share\runtime\reflection.cpp, line 1121]

VM Operations (20 events):
Event: 21.620 Executing VM operation: G1CollectForAllocation done
Event: 21.917 Executing VM operation: G1CollectForAllocation
Event: 21.921 Executing VM operation: G1CollectForAllocation done
Event: 22.180 Executing VM operation: G1CollectForAllocation
Event: 22.185 Executing VM operation: G1CollectForAllocation done
Event: 22.364 Executing VM operation: G1CollectForAllocation
Event: 22.368 Executing VM operation: G1CollectForAllocation done
Event: 22.431 Executing VM operation: G1Concurrent
Event: 22.440 Executing VM operation: G1Concurrent done
Event: 22.469 Executing VM operation: G1Concurrent
Event: 22.469 Executing VM operation: G1Concurrent done
Event: 22.736 Executing VM operation: G1CollectForAllocation
Event: 22.741 Executing VM operation: G1CollectForAllocation done
Event: 23.043 Executing VM operation: G1CollectForAllocation
Event: 23.048 Executing VM operation: G1CollectForAllocation done
Event: 23.358 Executing VM operation: G1CollectForAllocation
Event: 23.363 Executing VM operation: G1CollectForAllocation done
Event: 23.667 Executing VM operation: G1CollectForAllocation
Event: 23.672 Executing VM operation: G1CollectForAllocation done
Event: 23.975 Executing VM operation: G1CollectForAllocation

Events (20 events):
Event: 22.407 loading class org/hibernate/query/sqm/tree/domain/SqmCorrelatedBagJoin done
Event: 22.409 loading class org/hibernate/query/sqm/tree/domain/SqmCorrelatedRoot
Event: 22.409 loading class org/hibernate/query/sqm/tree/domain/SqmCorrelatedRoot done
Event: 22.411 loading class org/hibernate/query/sqm/tree/domain/SqmCorrelatedListJoin
Event: 22.411 loading class org/hibernate/query/sqm/tree/domain/SqmCorrelatedListJoin done
Event: 22.413 loading class org/hibernate/query/sqm/tree/domain/SqmCorrelatedMapJoin
Event: 22.413 loading class org/hibernate/query/sqm/tree/domain/SqmCorrelatedMapJoin done
Event: 22.416 loading class org/hibernate/query/sqm/tree/predicate/SqmNullnessPredicate
Event: 22.416 loading class org/hibernate/query/sqm/tree/predicate/SqmNullnessPredicate done
Event: 22.648 loading class org/springframework/security/crypto/bcrypt/BCryptPasswordEncoder$BCryptVersion
Event: 22.648 loading class org/springframework/security/crypto/bcrypt/BCryptPasswordEncoder$BCryptVersion done
Event: 22.783 Thread 0x0000012b860bd8c0 Thread added: 0x0000012b860bd8c0
Event: 23.573 loading class org/springframework/security/core/userdetails/UserDetails
Event: 23.573 loading class org/springframework/security/core/userdetails/UserDetails done
Event: 23.574 loading class org/springframework/security/core/userdetails/UsernameNotFoundException
Event: 23.574 loading class org/springframework/security/core/userdetails/UsernameNotFoundException done
Event: 23.574 loading class org/springframework/security/core/AuthenticationException
Event: 23.574 loading class org/springframework/security/core/AuthenticationException done
Event: 23.576 loading class com/bitproject/techbeats/service/MyUserDetailsService$$SpringCGLIB$$0
Event: 23.576 loading class com/bitproject/techbeats/service/MyUserDetailsService$$SpringCGLIB$$0 done


Dynamic libraries:
0x00007ff7b8800000 - 0x00007ff7b8810000 	C:\Program Files\Java\jdk-17\bin\java.exe
0x00007ff812e00000 - 0x00007ff813009000 	C:\Windows\SYSTEM32\ntdll.dll
0x00007ff812140000 - 0x00007ff8121fe000 	C:\Windows\System32\KERNEL32.DLL
0x00007ff8108e0000 - 0x00007ff810c63000 	C:\Windows\System32\KERNELBASE.dll
0x00007ff810460000 - 0x00007ff810571000 	C:\Windows\System32\ucrtbase.dll
0x00007ffff52f0000 - 0x00007ffff5308000 	C:\Program Files\Java\jdk-17\bin\jli.dll
0x00007ffff5fb0000 - 0x00007ffff5fcb000 	C:\Program Files\Java\jdk-17\bin\VCRUNTIME140.dll
0x00007ff8128e0000 - 0x00007ff81298e000 	C:\Windows\System32\ADVAPI32.dll
0x00007ff811720000 - 0x00007ff8117c3000 	C:\Windows\System32\msvcrt.dll
0x00007ff812220000 - 0x00007ff8122be000 	C:\Windows\System32\sechost.dll
0x00007ff8114d0000 - 0x00007ff8115f1000 	C:\Windows\System32\RPCRT4.dll
0x00007ff812990000 - 0x00007ff812b3d000 	C:\Windows\System32\USER32.dll
0x00007ff810620000 - 0x00007ff810646000 	C:\Windows\System32\win32u.dll
0x00007ffffdd00000 - 0x00007ffffdfa5000 	C:\Windows\WinSxS\amd64_microsoft.windows.common-controls_6595b64144ccf1df_6.0.22000.120_none_9d947278b86cc467\COMCTL32.dll
0x00007ff812640000 - 0x00007ff812669000 	C:\Windows\System32\GDI32.dll
0x00007ff8107c0000 - 0x00007ff8108da000 	C:\Windows\System32\gdi32full.dll
0x00007ff810580000 - 0x00007ff81061d000 	C:\Windows\System32\msvcp_win.dll
0x00007ff8078f0000 - 0x00007ff8078fa000 	C:\Windows\SYSTEM32\VERSION.dll
0x00007ff812c30000 - 0x00007ff812c61000 	C:\Windows\System32\IMM32.DLL
0x00007ffff85e0000 - 0x00007ffff85ec000 	C:\Program Files\Java\jdk-17\bin\vcruntime140_1.dll
0x00007fffe2520000 - 0x00007fffe25ae000 	C:\Program Files\Java\jdk-17\bin\msvcp140.dll
0x00007fffd6e30000 - 0x00007fffd7a07000 	C:\Program Files\Java\jdk-17\bin\server\jvm.dll
0x00007ff8116b0000 - 0x00007ff8116b8000 	C:\Windows\System32\PSAPI.DLL
0x00007ff809a10000 - 0x00007ff809a43000 	C:\Windows\SYSTEM32\WINMM.dll
0x00007ff8046d0000 - 0x00007ff8046d9000 	C:\Windows\SYSTEM32\WSOCK32.dll
0x00007ff812870000 - 0x00007ff8128df000 	C:\Windows\System32\WS2_32.dll
0x00007ff80f330000 - 0x00007ff80f348000 	C:\Windows\SYSTEM32\kernel.appcore.dll
0x00007ffff5170000 - 0x00007ffff517a000 	C:\Program Files\Java\jdk-17\bin\jimage.dll
0x00007ff80ddd0000 - 0x00007ff80dff1000 	C:\Windows\SYSTEM32\DBGHELP.DLL
0x00007ff8046e0000 - 0x00007ff804711000 	C:\Windows\SYSTEM32\dbgcore.DLL
0x00007ff810320000 - 0x00007ff81039f000 	C:\Windows\System32\bcryptPrimitives.dll
0x00007ffff2e40000 - 0x00007ffff2e7b000 	C:\Program Files\Java\jdk-17\bin\jdwp.dll
0x00007ffff2e30000 - 0x00007ffff2e3e000 	C:\Program Files\Java\jdk-17\bin\instrument.dll
0x00007ffff1ec0000 - 0x00007ffff1ee5000 	C:\Program Files\Java\jdk-17\bin\java.dll
0x00007ffff12c0000 - 0x00007ffff12d8000 	C:\Program Files\Java\jdk-17\bin\zip.dll
0x00007fffe1f60000 - 0x00007fffe2037000 	C:\Program Files\Java\jdk-17\bin\jsvml.dll
0x00007ff811970000 - 0x00007ff812135000 	C:\Windows\System32\SHELL32.dll
0x00007ff80e390000 - 0x00007ff80ebf4000 	C:\Windows\SYSTEM32\windows.storage.dll
0x00007ff8122c0000 - 0x00007ff812636000 	C:\Windows\System32\combase.dll
0x00007ff80e220000 - 0x00007ff80e387000 	C:\Windows\SYSTEM32\wintypes.dll
0x00007ff812b40000 - 0x00007ff812c2a000 	C:\Windows\System32\SHCORE.dll
0x00007ff8116c0000 - 0x00007ff81171d000 	C:\Windows\System32\shlwapi.dll
0x00007ff8101e0000 - 0x00007ff810201000 	C:\Windows\SYSTEM32\profapi.dll
0x00007ffff12b0000 - 0x00007ffff12bc000 	C:\Program Files\Java\jdk-17\bin\dt_socket.dll
0x00007ff80ee50000 - 0x00007ff80ee7d000 	C:\Windows\SYSTEM32\IPHLPAPI.DLL
0x00007ff80f7d0000 - 0x00007ff80f837000 	C:\Windows\system32\mswsock.dll
0x00007ffff2c70000 - 0x00007ffff2c89000 	C:\Program Files\Java\jdk-17\bin\net.dll
0x00007ff80a2f0000 - 0x00007ff80a402000 	C:\Windows\SYSTEM32\WINHTTP.dll
0x00007ffff1b20000 - 0x00007ffff1b36000 	C:\Program Files\Java\jdk-17\bin\nio.dll
0x00007ff80eec0000 - 0x00007ff80efa8000 	C:\Windows\SYSTEM32\DNSAPI.dll
0x00007ff8114c0000 - 0x00007ff8114c9000 	C:\Windows\System32\NSI.dll
0x0000000057910000 - 0x0000000057936000 	C:\Program Files\Bonjour\mdnsNSP.dll
0x00007ff807220000 - 0x00007ff80722a000 	C:\Windows\System32\rasadhlp.dll
0x00007ff807bf0000 - 0x00007ff807c71000 	C:\Windows\System32\fwpuclnt.dll
0x00007ffff50c0000 - 0x00007ffff50ca000 	C:\Program Files\Java\jdk-17\bin\management.dll
0x00007ffff4930000 - 0x00007ffff493b000 	C:\Program Files\Java\jdk-17\bin\management_ext.dll
0x00007ff80fa20000 - 0x00007ff80fa38000 	C:\Windows\SYSTEM32\CRYPTSP.dll
0x00007ff80f290000 - 0x00007ff80f2c5000 	C:\Windows\system32\rsaenh.dll
0x00007ff80f8d0000 - 0x00007ff80f8f9000 	C:\Windows\SYSTEM32\USERENV.dll
0x00007ff80fba0000 - 0x00007ff80fbc7000 	C:\Windows\SYSTEM32\bcrypt.dll
0x00007ff80fa40000 - 0x00007ff80fa4c000 	C:\Windows\SYSTEM32\CRYPTBASE.dll
0x00007ff80a590000 - 0x00007ff80a5a9000 	C:\Windows\SYSTEM32\dhcpcsvc6.DLL
0x00007ff80aa00000 - 0x00007ff80aa1e000 	C:\Windows\SYSTEM32\dhcpcsvc.DLL
0x00007ffff8760000 - 0x00007ffff8777000 	C:\Windows\system32\napinsp.dll
0x00007ffff8740000 - 0x00007ffff875b000 	C:\Windows\system32\pnrpnsp.dll
0x00007ffff86d0000 - 0x00007ffff86e2000 	C:\Windows\System32\winrnr.dll
0x00007ffff86b0000 - 0x00007ffff86c5000 	C:\Windows\system32\wshbth.dll
0x00007ffff8690000 - 0x00007ffff86af000 	C:\Windows\system32\nlansp_c.dll
0x00007ffff5160000 - 0x00007ffff5170000 	C:\Program Files\Java\jdk-17\bin\verify.dll
0x00007ff80bc70000 - 0x00007ff80bc7d000 	C:\Program Files\Java\jdk-17\bin\sunmscapi.dll
0x00007ff810650000 - 0x00007ff8107b2000 	C:\Windows\System32\CRYPT32.dll
0x00007ff80fb70000 - 0x00007ff80fb9a000 	C:\Windows\SYSTEM32\ncrypt.dll
0x00007ff80fb30000 - 0x00007ff80fb67000 	C:\Windows\SYSTEM32\NTASN1.dll

dbghelp: loaded successfully - version: 4.0.5 - missing functions: none
symbol engine: initialized successfully - sym options: 0x614 - pdb path: .;C:\Program Files\Java\jdk-17\bin;C:\Windows\SYSTEM32;C:\Windows\WinSxS\amd64_microsoft.windows.common-controls_6595b64144ccf1df_6.0.22000.120_none_9d947278b86cc467;C:\Program Files\Java\jdk-17\bin\server;C:\Program Files\Bonjour

VM Arguments:
jvm_args: -agentlib:jdwp=transport=dt_socket,address=127.0.0.1:59325,suspend=y,server=n -XX:TieredStopAtLevel=1 -Dspring.output.ansi.enabled=always -Dcom.sun.management.jmxremote -Dspring.jmx.enabled=true -Dspring.liveBeansView.mbeanDomain -Dspring.application.admin.enabled=true -javaagent:C:\Users\rmbsw\AppData\Local\JetBrains\IntelliJIdea2022.2\captureAgent\debugger-agent.jar -Dfile.encoding=UTF-8 
java_command: com.bitproject.techbeats.TechbeatsApplication
java_class_path (initial): D:\Project 2022\Project\Real Project\techbeats\build\classes\java\main;D:\Project 2022\Project\Real Project\techbeats\build\resources\main;C:\Users\rmbsw\.gradle\caches\modules-2\files-2.1\org.projectlombok\lombok\1.18.24\13a394eed5c4f9efb2a6d956e2086f1d81e857d9\lombok-1.18.24.jar;C:\Users\rmbsw\.gradle\caches\modules-2\files-2.1\org.springframework.boot\spring-boot-starter-security\2.7.6\2718e4587f4271468ba20da8b4fd8195c798fb88\spring-boot-starter-security-2.7.6.jar;C:\Users\rmbsw\.gradle\caches\modules-2\files-2.1\org.springframework.boot\spring-boot-starter-data-jpa\3.0.1\a68c2e57bd3a0c5bdf7e4de6c0d563aad38d3f47\spring-boot-starter-data-jpa-3.0.1.jar;C:\Users\rmbsw\.gradle\caches\modules-2\files-2.1\org.springframework.boot\spring-boot-starter-web\3.0.1\1d99ce519a0fe66f15dc9bbdc2507a8d0a01690\spring-boot-starter-web-3.0.1.jar;C:\Users\rmbsw\.gradle\caches\modules-2\files-2.1\org.springframework.boot\spring-boot-starter\3.0.1\c37bc07921436d1ef410ae4bd53747c721ae1c7c\spring-boot-starter-3.0.1.jar;C:\Users\rmbsw\.gradle\caches\modules-2\files-2.1\org.springframework.security\spring-security-config\6.0.1\30cbecc3573f430aa2fc25f5f6be5c1662184efe\spring-security-config-6.0.1.jar;C:\Users\rmbsw\.gradle\caches\modules-2\files-2.1\org.springframework.security\spring-security-web\6.0.1\3f0c00dcddb23941983f844cad3221141f1b873a\spring-security-web-6.0.1.jar;C:\Users\rmbsw\.gradle\caches\modules-2\files-2.1\org.springframework\spring-aop\6.0.3\ba05b9129c800e7a3febf795724d0be7d4995a7e\spring-aop-6.0.3.jar;C:\Users\rmbsw\.gradle\caches\modules-2\files-2.1\org.springframework.boot\spring-boot-starter-aop\3.0.1\489dae5b71e160d74190738b0419c2cecd7f7e95\spring-boot-starter-aop-3.0.1.jar;C:\Users\rmbsw\.gradle\caches\modules-2\files-2.1\org.springframework.boot\spring-boot-starter-jdbc\3.0.1\a1121611438c39fdcad2c73da7564d851b386a75\spring-boot-starter-jdbc-3.0.1.jar;C:\Users\rmbsw\.gradle\caches\modules-2\files-2.1\org.springframework.data\spring-data-jp
Launcher Type: SUN_STANDARD

[Global flags]
     intx CICompilerCount                          = 4                                         {product} {ergonomic}
     uint ConcGCThreads                            = 2                                         {product} {ergonomic}
     uint G1ConcRefinementThreads                  = 8                                         {product} {ergonomic}
   size_t G1HeapRegionSize                         = 2097152                                   {product} {ergonomic}
    uintx GCDrainStackTargetSize                   = 64                                        {product} {ergonomic}
   size_t InitialHeapSize                          = 167772160                                 {product} {ergonomic}
     bool ManagementServer                         = true                                      {product} {command line}
   size_t MarkStackSize                            = 4194304                                   {product} {ergonomic}
   size_t MaxHeapSize                              = 2671771648                                {product} {ergonomic}
   size_t MaxNewSize                               = 1602224128                                {product} {ergonomic}
   size_t MinHeapDeltaBytes                        = 2097152                                   {product} {ergonomic}
   size_t MinHeapSize                              = 8388608                                   {product} {ergonomic}
    uintx NonProfiledCodeHeapSize                  = 0                                      {pd product} {ergonomic}
     bool ProfileInterpreter                       = false                                  {pd product} {command line}
    uintx ProfiledCodeHeapSize                     = 0                                      {pd product} {ergonomic}
   size_t SoftMaxHeapSize                          = 2671771648                             {manageable} {ergonomic}
     intx TieredStopAtLevel                        = 1                                         {product} {command line}
     bool UseCompressedClassPointers               = true                           {product lp64_product} {ergonomic}
     bool UseCompressedOops                        = true                           {product lp64_product} {ergonomic}
     bool UseG1GC                                  = true                                      {product} {ergonomic}
     bool UseLargePagesIndividualAllocation        = false                                  {pd product} {ergonomic}

Logging:
Log output configuration:
 #0: stdout all=warning uptime,level,tags
 #1: stderr all=off uptime,level,tags

Environment Variables:
PATH=C:\Program Files\Common Files\Oracle\Java\javapath;C:\Python310\Scripts\;C:\Python310\;C:\Program Files (x86)\VMware\VMware Workstation\bin\;C:\Program Files (x86)\Common Files\Oracle\Java\javapath;C:\Windows\system32;C:\Windows;C:\Windows\System32\Wbem;C:\Windows\System32\WindowsPowerShell\v1.0\;C:\Windows\System32\OpenSSH\;C:\Program Files\Java\jdk1.8.0_311\bin;C:\Program Files\nodejs\;C:\ProgramData\chocolatey\bin;C:\xampp\php;C:\composer;C:\Program Files\Git\cmd;C:\Program Files\MySQL\MySQL Shell 8.0\bin\;C:\Users\rmbsw\AppData\Local\Microsoft\WindowsApps;;C:\Users\rmbsw\AppData\Local\Programs\Microsoft VS Code\bin;C:\Users\rmbsw\AppData\Roaming\npm;C:\Users\rmbsw\AppData\Roaming\Composer\vendor\bin;C:\Program Files\JetBrains\IntelliJ IDEA 2022.2.3\bin;
USERNAME=rmbsw
OS=Windows_NT
PROCESSOR_IDENTIFIER=AMD64 Family 23 Model 24 Stepping 1, AuthenticAMD



---------------  S Y S T E M  ---------------

OS:
 Windows 11 , 64 bit Build 22000 (10.0.22000.1761)
OS uptime: 0 days 15:51 hours

CPU: total 8 (initial active 8) (8 cores per cpu, 2 threads per core) family 23 model 24 stepping 1 microcode 0x0, cx8, cmov, fxsr, ht, mmx, 3dnowpref, sse, sse2, sse3, ssse3, sse4a, sse4.1, sse4.2, popcnt, lzcnt, tsc, tscinvbit, avx, avx2, aes, clmul, bmi1, bmi2, adx, sha, fma, vzeroupper, clflush, clflushopt

Memory: 4k page, system-wide physical 10187M (672M free)
TotalPageFile size 14283M (AvailPageFile size 7M)
current process WorkingSet (physical memory assigned to process): 233M, peak: 233M
current process commit charge ("private bytes"): 273M, peak: 291M

vm_info: Java HotSpot(TM) 64-Bit Server VM (17.0.6+9-LTS-190) for windows-amd64 JRE (17.0.6+9-LTS-190), built on Dec  6 2022 15:53:54 by "mach5one" with MS VC++ 17.1 (VS2022)

END.
